<?xml version="1.0" encoding="UTF-8"?>
<!-- Generated by org.testng.reporters.JUnitXMLReporter -->
<testsuite hostname="INHYNMENJAM1" name="Default test" tests="8" failures="0" timestamp="13 Feb 2018 12:02:29 GMT" time="99.68" errors="0">
  <testcase name="LoginTest" time="3.63" classname="Testtraining.PayTmLogin"/>
  <testcase name="LoginTest" time="3.646" classname="Testtraining.PayTmLogin"/>
  <testcase name="LoginTest" time="4.389" classname="Testtraining.PayTmLogin"/>
  <testcase name="LoginTest" time="4.7" classname="Testtraining.PayTmLogin"/>
  <testcase name="LoginTest" time="4.778" classname="Testtraining.PayTmLogin"/>
  <testcase name="LoginTest" time="3.778" classname="Testtraining.PayTmLogin"/>
  <testcase name="LoginTest" time="4.112" classname="Testtraining.PayTmLogin"/>
  <testcase name="LoginTest" time="5.266" classname="Testtraining.PayTmLogin"/>
</testsuite> <!-- Default test -->
